<?xml version="1.0" encoding="UTF-8"?>
<testng-results ignored="0" total="2" passed="2" failed="0" skipped="0">
  <reporter-output>
  </reporter-output>
  <suite started-at="2024-03-19T14:53:26 IST" name="Default suite" finished-at="2024-03-19T14:53:40 IST" duration-ms="14554">
    <groups>
    </groups>
    <test started-at="2024-03-19T14:53:26 IST" name="Default test" finished-at="2024-03-19T14:53:40 IST" duration-ms="14554">
      <class name="testpackage.testclass">
        <test-method is-config="true" signature="start()[pri:0, instance:testpackage.testclass@76b1e9b8]" started-at="2024-03-19T14:53:26 IST" name="start" finished-at="2024-03-19T14:53:33 IST" duration-ms="7452" status="PASS">
          <reporter-output>
          </reporter-output>
        </test-method> <!-- start -->
        <test-method signature="logintest()[pri:0, instance:testpackage.testclass@76b1e9b8]" started-at="2024-03-19T14:53:33 IST" name="logintest" finished-at="2024-03-19T14:53:37 IST" duration-ms="3238" status="PASS">
          <reporter-output>
          </reporter-output>
        </test-method> <!-- logintest -->
        <test-method signature="emp_test()[pri:1, instance:testpackage.testclass@76b1e9b8]" started-at="2024-03-19T14:53:37 IST" name="emp_test" finished-at="2024-03-19T14:53:40 IST" duration-ms="3792" status="PASS">
          <reporter-output>
          </reporter-output>
        </test-method> <!-- emp_test -->
      </class> <!-- testpackage.testclass -->
    </test> <!-- Default test -->
  </suite> <!-- Default suite -->
</testng-results>
