<?xml version="1.0" encoding="UTF-8"?>
<testng-results ignored="0" total="1" passed="1" failed="0" skipped="0">
  <reporter-output>
  </reporter-output>
  <suite started-at="2024-03-04T18:03:17 IST" name="Default suite" finished-at="2024-03-04T18:03:27 IST" duration-ms="10473">
    <groups>
    </groups>
    <test started-at="2024-03-04T18:03:17 IST" name="Default test" finished-at="2024-03-04T18:03:27 IST" duration-ms="10473">
      <class name="testpackage.testclass">
        <test-method is-config="true" signature="start()[pri:0, instance:testpackage.testclass@2892d68]" started-at="2024-03-04T18:03:17 IST" name="start" finished-at="2024-03-04T18:03:20 IST" duration-ms="3095" status="PASS">
          <reporter-output>
          </reporter-output>
        </test-method> <!-- start -->
        <test-method signature="logintest()[pri:0, instance:testpackage.testclass@2892d68]" started-at="2024-03-04T18:03:20 IST" name="logintest" finished-at="2024-03-04T18:03:27 IST" duration-ms="7311" status="PASS">
          <reporter-output>
          </reporter-output>
        </test-method> <!-- logintest -->
      </class> <!-- testpackage.testclass -->
    </test> <!-- Default test -->
  </suite> <!-- Default suite -->
</testng-results>
